Started GET "/" for 127.0.0.1 at 2019-06-11 12:06:21 +0900
Processing by Rails::WelcomeController#index as HTML
  Rendering /home/usr1/.rbenv/versions/2.4.6_env1/lib/ruby/gems/2.4.0/gems/railties-5.1.6/lib/rails/templates/rails/welcome/index.html.erb
  Rendered /home/usr1/.rbenv/versions/2.4.6_env1/lib/ruby/gems/2.4.0/gems/railties-5.1.6/lib/rails/templates/rails/welcome/index.html.erb (46.2ms)
Completed 200 OK in 607ms (Views: 55.4ms)


Started GET "/" for 127.0.0.1 at 2019-06-11 12:09:15 +0900
Processing by ApplicationController#hello as HTML
  Rendering html template
  Rendered html template (0.1ms)
Completed 200 OK in 9ms (Views: 8.1ms)


Started GET "/" for 127.0.0.1 at 2019-06-11 12:10:53 +0900
  
NameError (undefined local variable or method `i' for #<ActionDispatch::Routing::Mapper:0x000056016c0e9d40>):
  
config/routes.rb:2:in `block in <top (required)>'
config/routes.rb:1:in `<top (required)>'
Started GET "/" for 127.0.0.1 at 2019-06-11 12:11:25 +0900
  
AbstractController::ActionNotFound (The action 'goodbye' could not be found for ApplicationController):
  
actionpack (5.1.6) lib/abstract_controller/base.rb:119:in `process'
actionview (5.1.6) lib/action_view/rendering.rb:30:in `process'
actionpack (5.1.6) lib/action_controller/metal.rb:189:in `dispatch'
actionpack (5.1.6) lib/action_controller/metal.rb:253:in `dispatch'
actionpack (5.1.6) lib/action_dispatch/routing/route_set.rb:49:in `dispatch'
actionpack (5.1.6) lib/action_dispatch/routing/route_set.rb:31:in `serve'
actionpack (5.1.6) lib/action_dispatch/journey/router.rb:50:in `block in serve'
actionpack (5.1.6) lib/action_dispatch/journey/router.rb:33:in `each'
actionpack (5.1.6) lib/action_dispatch/journey/router.rb:33:in `serve'
actionpack (5.1.6) lib/action_dispatch/routing/route_set.rb:844:in `call'
rack (2.0.7) lib/rack/etag.rb:25:in `call'
rack (2.0.7) lib/rack/conditional_get.rb:25:in `call'
rack (2.0.7) lib/rack/head.rb:12:in `call'
rack (2.0.7) lib/rack/session/abstract/id.rb:232:in `context'
rack (2.0.7) lib/rack/session/abstract/id.rb:226:in `call'
actionpack (5.1.6) lib/action_dispatch/middleware/cookies.rb:613:in `call'
activerecord (5.1.6) lib/active_record/migration.rb:556:in `call'
actionpack (5.1.6) lib/action_dispatch/middleware/callbacks.rb:26:in `block in call'
activesupport (5.1.6) lib/active_support/callbacks.rb:97:in `run_callbacks'
actionpack (5.1.6) lib/action_dispatch/middleware/callbacks.rb:24:in `call'
actionpack (5.1.6) lib/action_dispatch/middleware/executor.rb:12:in `call'
actionpack (5.1.6) lib/action_dispatch/middleware/debug_exceptions.rb:59:in `call'
web-console (3.5.1) lib/web_console/middleware.rb:135:in `call_app'
web-console (3.5.1) lib/web_console/middleware.rb:28:in `block in call'
web-console (3.5.1) lib/web_console/middleware.rb:18:in `catch'
web-console (3.5.1) lib/web_console/middleware.rb:18:in `call'
actionpack (5.1.6) lib/action_dispatch/middleware/show_exceptions.rb:31:in `call'
railties (5.1.6) lib/rails/rack/logger.rb:36:in `call_app'
railties (5.1.6) lib/rails/rack/logger.rb:24:in `block in call'
activesupport (5.1.6) lib/active_support/tagged_logging.rb:69:in `block in tagged'
activesupport (5.1.6) lib/active_support/tagged_logging.rb:26:in `tagged'
activesupport (5.1.6) lib/active_support/tagged_logging.rb:69:in `tagged'
railties (5.1.6) lib/rails/rack/logger.rb:24:in `call'
sprockets-rails (3.2.1) lib/sprockets/rails/quiet_assets.rb:13:in `call'
actionpack (5.1.6) lib/action_dispatch/middleware/remote_ip.rb:79:in `call'
actionpack (5.1.6) lib/action_dispatch/middleware/request_id.rb:25:in `call'
rack (2.0.7) lib/rack/method_override.rb:22:in `call'
rack (2.0.7) lib/rack/runtime.rb:22:in `call'
activesupport (5.1.6) lib/active_support/cache/strategy/local_cache_middleware.rb:27:in `call'
actionpack (5.1.6) lib/action_dispatch/middleware/executor.rb:12:in `call'
actionpack (5.1.6) lib/action_dispatch/middleware/static.rb:125:in `call'
rack (2.0.7) lib/rack/sendfile.rb:111:in `call'
railties (5.1.6) lib/rails/engine.rb:522:in `call'
puma (3.9.1) lib/puma/configuration.rb:224:in `call'
puma (3.9.1) lib/puma/server.rb:602:in `handle_request'
puma (3.9.1) lib/puma/server.rb:435:in `process_client'
puma (3.9.1) lib/puma/server.rb:299:in `block in run'
puma (3.9.1) lib/puma/thread_pool.rb:120:in `block in spawn_thread'
Started GET "/" for 127.0.0.1 at 2019-06-11 12:12:47 +0900
Processing by ApplicationController#goodbye as HTML
  Rendering html template
  Rendered html template (0.0ms)
Completed 200 OK in 1ms (Views: 0.8ms)


